<?xml version="1.0" encoding="UTF-8"?>
<coverage generated="1577512551020" clover="3.2.0">
  <project timestamp="1577512551020" name="All files">
    <metrics statements="41" coveredstatements="40" conditionals="10" coveredconditionals="9" methods="12" coveredmethods="11" elements="63" coveredelements="60" complexity="0" loc="41" ncloc="41" packages="3" files="8" classes="8"/>
    <package name="lib">
      <metrics statements="24" coveredstatements="24" conditionals="10" coveredconditionals="9" methods="9" coveredmethods="9"/>
      <file name="wpapi-core.module.ts" path="/Users/dhardy/Projects/npm/nestjs-wpapi/lib/wpapi-core.module.ts">
        <metrics statements="19" coveredstatements="19" conditionals="10" coveredconditionals="9" methods="7" coveredmethods="7"/>
        <line num="1" count="1" type="stmt"/>
        <line num="2" count="1" type="stmt"/>
        <line num="8" count="1" type="stmt"/>
        <line num="12" count="1" type="stmt"/>
        <line num="14" count="2" type="stmt"/>
        <line num="16" count="2" type="stmt"/>
        <line num="26" count="3" type="stmt"/>
        <line num="30" count="2" type="stmt"/>
        <line num="33" count="3" type="stmt"/>
        <line num="44" count="3" type="cond" truecount="4" falsecount="0"/>
        <line num="45" count="2" type="stmt"/>
        <line num="47" count="1" type="stmt"/>
        <line num="48" count="1" type="stmt"/>
        <line num="60" count="3" type="cond" truecount="2" falsecount="0"/>
        <line num="61" count="2" type="stmt"/>
        <line num="67" count="1" type="stmt"/>
        <line num="72" count="1" type="stmt"/>
        <line num="74" count="1" type="stmt"/>
        <line num="75" count="1" type="stmt"/>
      </file>
      <file name="wpapi.module.ts" path="/Users/dhardy/Projects/npm/nestjs-wpapi/lib/wpapi.module.ts">
        <metrics statements="5" coveredstatements="5" conditionals="0" coveredconditionals="0" methods="2" coveredmethods="2"/>
        <line num="1" count="1" type="stmt"/>
        <line num="3" count="1" type="stmt"/>
        <line num="10" count="1" type="stmt"/>
        <line num="12" count="2" type="stmt"/>
        <line num="21" count="3" type="stmt"/>
      </file>
    </package>
    <package name="lib.common">
      <metrics statements="13" coveredstatements="12" conditionals="0" coveredconditionals="0" methods="2" coveredmethods="1"/>
      <file name="index.ts" path="/Users/dhardy/Projects/npm/nestjs-wpapi/lib/common/index.ts">
        <metrics statements="3" coveredstatements="3" conditionals="0" coveredconditionals="0" methods="0" coveredmethods="0"/>
        <line num="1" count="1" type="stmt"/>
        <line num="2" count="1" type="stmt"/>
        <line num="3" count="1" type="stmt"/>
      </file>
      <file name="wpapi.constants.ts" path="/Users/dhardy/Projects/npm/nestjs-wpapi/lib/common/wpapi.constants.ts">
        <metrics statements="2" coveredstatements="2" conditionals="0" coveredconditionals="0" methods="0" coveredmethods="0"/>
        <line num="1" count="1" type="stmt"/>
        <line num="2" count="1" type="stmt"/>
      </file>
      <file name="wpapi.decorator.ts" path="/Users/dhardy/Projects/npm/nestjs-wpapi/lib/common/wpapi.decorator.ts">
        <metrics statements="4" coveredstatements="3" conditionals="0" coveredconditionals="0" methods="1" coveredmethods="0"/>
        <line num="1" count="1" type="stmt"/>
        <line num="2" count="1" type="stmt"/>
        <line num="4" count="1" type="stmt"/>
        <line num="5" count="0" type="stmt"/>
      </file>
      <file name="wpapi.util.ts" path="/Users/dhardy/Projects/npm/nestjs-wpapi/lib/common/wpapi.util.ts">
        <metrics statements="4" coveredstatements="4" conditionals="0" coveredconditionals="0" methods="1" coveredmethods="1"/>
        <line num="2" count="1" type="stmt"/>
        <line num="4" count="1" type="stmt"/>
        <line num="5" count="4" type="stmt"/>
        <line num="6" count="4" type="stmt"/>
      </file>
    </package>
    <package name="lib.providers">
      <metrics statements="4" coveredstatements="4" conditionals="0" coveredconditionals="0" methods="1" coveredmethods="1"/>
      <file name="index.ts" path="/Users/dhardy/Projects/npm/nestjs-wpapi/lib/providers/index.ts">
        <metrics statements="1" coveredstatements="1" conditionals="0" coveredconditionals="0" methods="0" coveredmethods="0"/>
        <line num="1" count="1" type="stmt"/>
      </file>
      <file name="wpapi.providers.ts" path="/Users/dhardy/Projects/npm/nestjs-wpapi/lib/providers/wpapi.providers.ts">
        <metrics statements="3" coveredstatements="3" conditionals="0" coveredconditionals="0" methods="1" coveredmethods="1"/>
        <line num="2" count="1" type="stmt"/>
        <line num="4" count="1" type="stmt"/>
        <line num="5" count="2" type="stmt"/>
      </file>
    </package>
  </project>
</coverage>
