{"/Users/dhardy/Projects/npm/nestjs-wpapi/lib/wpapi-core.module.ts": {"path":"/Users/dhardy/Projects/npm/nestjs-wpapi/lib/wpapi-core.module.ts","statementMap":{"0":{"start":{"line":1,"column":0},"end":{"line":1,"column":79}},"1":{"start":{"line":2,"column":0},"end":{"line":2,"column":51}},"2":{"start":{"line":8,"column":0},"end":{"line":8,"column":80}},"3":{"start":{"line":12,"column":28},"end":{"line":79,"column":null}},"4":{"start":{"line":14,"column":25},"end":{"line":14,"column":54}},"5":{"start":{"line":16,"column":8},"end":{"line":20,"column":10}},"6":{"start":{"line":26,"column":35},"end":{"line":31,"column":10}},"7":{"start":{"line":30,"column":16},"end":{"line":30,"column":42}},"8":{"start":{"line":33,"column":8},"end":{"line":38,"column":10}},"9":{"start":{"line":44,"column":8},"end":{"line":46,"column":null}},"10":{"start":{"line":45,"column":12},"end":{"line":45,"column":62}},"11":{"start":{"line":47,"column":25},"end":{"line":47,"column":76}},"12":{"start":{"line":48,"column":8},"end":{"line":54,"column":10}},"13":{"start":{"line":60,"column":8},"end":{"line":66,"column":null}},"14":{"start":{"line":61,"column":12},"end":{"line":65,"column":14}},"15":{"start":{"line":67,"column":23},"end":{"line":71,"column":10}},"16":{"start":{"line":72,"column":8},"end":{"line":77,"column":10}},"17":{"start":{"line":74,"column":76},"end":{"line":75,"column":null}},"18":{"start":{"line":75,"column":16},"end":{"line":75,"column":null}},"19":{"start":{"line":12,"column":13},"end":{"line":79,"column":null}},"20":{"start":{"line":12,"column":13},"end":{"line":12,"column":28}}},"fnMap":{"0":{"name":"(anonymous_8)","decl":{"start":{"line":13,"column":11},"end":{"line":13,"column":17}},"loc":{"start":{"line":13,"column":53},"end":{"line":21,"column":5}}},"1":{"name":"(anonymous_9)","decl":{"start":{"line":23,"column":11},"end":{"line":23,"column":17}},"loc":{"start":{"line":24,"column":40},"end":{"line":39,"column":5}}},"2":{"name":"(anonymous_10)","decl":{"start":{"line":29,"column":24},"end":{"line":29,"column":25}},"loc":{"start":{"line":30,"column":16},"end":{"line":30,"column":42}}},"3":{"name":"(anonymous_11)","decl":{"start":{"line":41,"column":12},"end":{"line":41,"column":18}},"loc":{"start":{"line":42,"column":40},"end":{"line":55,"column":5}}},"4":{"name":"(anonymous_12)","decl":{"start":{"line":57,"column":12},"end":{"line":57,"column":18}},"loc":{"start":{"line":58,"column":40},"end":{"line":78,"column":5}}},"5":{"name":"(anonymous_13)","decl":{"start":{"line":74,"column":24},"end":{"line":74,"column":31}},"loc":{"start":{"line":74,"column":76},"end":{"line":75,"column":null}}},"6":{"name":"(anonymous_14)","decl":{"start":{"line":74,"column":76},"end":{"line":74,"column":null}},"loc":{"start":{"line":74,"column":76},"end":{"line":75,"column":null}}}},"branchMap":{"0":{"loc":{"start":{"line":44,"column":8},"end":{"line":46,"column":null}},"type":"if","locations":[{"start":{"line":44,"column":8},"end":{"line":46,"column":null}},{"start":{"line":44,"column":8},"end":{"line":46,"column":null}}]},"1":{"loc":{"start":{"line":44,"column":12},"end":{"line":44,"column":31}},"type":"binary-expr","locations":[{"start":{"line":44,"column":12},"end":{"line":44,"column":31}},{"start":{"line":44,"column":35},"end":{"line":44,"column":53}}]},"2":{"loc":{"start":{"line":60,"column":8},"end":{"line":66,"column":null}},"type":"if","locations":[{"start":{"line":60,"column":8},"end":{"line":66,"column":null}},{"start":{"line":60,"column":8},"end":{"line":66,"column":null}}]},"3":{"loc":{"start":{"line":62,"column":24},"end":{"line":62,"column":38}},"type":"binary-expr","locations":[{"start":{"line":62,"column":24},"end":{"line":62,"column":38}},{"start":{"line":62,"column":42},"end":{"line":62,"column":44}}]},"4":{"loc":{"start":{"line":68,"column":13},"end":{"line":68,"column":29}},"type":"binary-expr","locations":[{"start":{"line":68,"column":13},"end":{"line":68,"column":29}},{"start":{"line":68,"column":33},"end":{"line":68,"column":52}}]}},"s":{"0":1,"1":1,"2":1,"3":1,"4":2,"5":2,"6":3,"7":2,"8":3,"9":3,"10":2,"11":1,"12":1,"13":3,"14":2,"15":1,"16":1,"17":1,"18":1,"19":1,"20":1},"f":{"0":2,"1":3,"2":2,"3":3,"4":3,"5":1,"6":1},"b":{"0":[2,1],"1":[3,3],"2":[2,1],"3":[2,2],"4":[1,0]}}
,"/Users/dhardy/Projects/npm/nestjs-wpapi/lib/wpapi.module.ts": {"path":"/Users/dhardy/Projects/npm/nestjs-wpapi/lib/wpapi.module.ts","statementMap":{"0":{"start":{"line":1,"column":0},"end":{"line":1,"column":55}},"1":{"start":{"line":3,"column":0},"end":{"line":3,"column":54}},"2":{"start":{"line":10,"column":24},"end":{"line":26,"column":null}},"3":{"start":{"line":12,"column":8},"end":{"line":15,"column":10}},"4":{"start":{"line":21,"column":8},"end":{"line":24,"column":10}},"5":{"start":{"line":10,"column":13},"end":{"line":26,"column":null}},"6":{"start":{"line":10,"column":13},"end":{"line":10,"column":24}}},"fnMap":{"0":{"name":"(anonymous_1)","decl":{"start":{"line":11,"column":11},"end":{"line":11,"column":17}},"loc":{"start":{"line":11,"column":53},"end":{"line":16,"column":5}}},"1":{"name":"(anonymous_2)","decl":{"start":{"line":18,"column":11},"end":{"line":18,"column":17}},"loc":{"start":{"line":19,"column":40},"end":{"line":25,"column":5}}}},"branchMap":{},"s":{"0":1,"1":1,"2":1,"3":2,"4":3,"5":1,"6":1},"f":{"0":2,"1":3},"b":{}}
,"/Users/dhardy/Projects/npm/nestjs-wpapi/lib/common/index.ts": {"path":"/Users/dhardy/Projects/npm/nestjs-wpapi/lib/common/index.ts","statementMap":{"0":{"start":{"line":1,"column":0},"end":{"line":1,"column":34}},"1":{"start":{"line":2,"column":0},"end":{"line":2,"column":34}},"2":{"start":{"line":3,"column":0},"end":{"line":3,"column":29}}},"fnMap":{},"branchMap":{},"s":{"0":1,"1":1,"2":1},"f":{},"b":{}}
,"/Users/dhardy/Projects/npm/nestjs-wpapi/lib/common/wpapi.constants.ts": {"path":"/Users/dhardy/Projects/npm/nestjs-wpapi/lib/common/wpapi.constants.ts","statementMap":{"0":{"start":{"line":1,"column":13},"end":{"line":1,"column":57}},"1":{"start":{"line":2,"column":13},"end":{"line":2,"column":40}}},"fnMap":{},"branchMap":{},"s":{"0":1,"1":1},"f":{},"b":{}}
,"/Users/dhardy/Projects/npm/nestjs-wpapi/lib/common/wpapi.decorator.ts": {"path":"/Users/dhardy/Projects/npm/nestjs-wpapi/lib/common/wpapi.decorator.ts","statementMap":{"0":{"start":{"line":1,"column":0},"end":{"line":1,"column":40}},"1":{"start":{"line":2,"column":0},"end":{"line":2,"column":48}},"2":{"start":{"line":5,"column":4},"end":{"line":5,"column":31}},"3":{"start":{"line":4,"column":0},"end":{"line":4,"column":16}}},"fnMap":{"0":{"name":"InjectWpApi","decl":{"start":{"line":4,"column":16},"end":{"line":4,"column":27}},"loc":{"start":{"line":4,"column":27},"end":{"line":6,"column":1}}}},"branchMap":{},"s":{"0":1,"1":1,"2":0,"3":1},"f":{"0":0},"b":{}}
,"/Users/dhardy/Projects/npm/nestjs-wpapi/lib/common/wpapi.util.ts": {"path":"/Users/dhardy/Projects/npm/nestjs-wpapi/lib/common/wpapi.util.ts","statementMap":{"0":{"start":{"line":2,"column":0},"end":{"line":2,"column":32}},"1":{"start":{"line":5,"column":19},"end":{"line":5,"column":37}},"2":{"start":{"line":6,"column":4},"end":{"line":6,"column":18}},"3":{"start":{"line":4,"column":0},"end":{"line":4,"column":16}}},"fnMap":{"0":{"name":"createWpApiClient","decl":{"start":{"line":4,"column":16},"end":{"line":4,"column":33}},"loc":{"start":{"line":4,"column":61},"end":{"line":7,"column":1}}}},"branchMap":{},"s":{"0":1,"1":4,"2":4,"3":1},"f":{"0":4},"b":{}}
,"/Users/dhardy/Projects/npm/nestjs-wpapi/lib/providers/index.ts": {"path":"/Users/dhardy/Projects/npm/nestjs-wpapi/lib/providers/index.ts","statementMap":{"0":{"start":{"line":1,"column":0},"end":{"line":1,"column":34}}},"fnMap":{},"branchMap":{},"s":{"0":1},"f":{},"b":{}}
,"/Users/dhardy/Projects/npm/nestjs-wpapi/lib/providers/wpapi.providers.ts": {"path":"/Users/dhardy/Projects/npm/nestjs-wpapi/lib/providers/wpapi.providers.ts","statementMap":{"0":{"start":{"line":2,"column":0},"end":{"line":2,"column":59}},"1":{"start":{"line":5,"column":4},"end":{"line":8,"column":6}},"2":{"start":{"line":4,"column":0},"end":{"line":4,"column":16}}},"fnMap":{"0":{"name":"createWpApiProviders","decl":{"start":{"line":4,"column":16},"end":{"line":4,"column":36}},"loc":{"start":{"line":4,"column":64},"end":{"line":9,"column":1}}}},"branchMap":{},"s":{"0":1,"1":2,"2":1},"f":{"0":2},"b":{}}
}
