TN:
SF:/Users/dhardy/Projects/npm/nestjs-wpapi/lib/wpapi-core.module.ts
FN:10,(anonymous_8)
FN:20,(anonymous_9)
FN:24,(anonymous_10)
FN:35,(anonymous_11)
FN:51,(anonymous_12)
FN:66,(anonymous_13)
FN:66,(anonymous_14)
FNF:7
FNH:7
FNDA:2,(anonymous_8)
FNDA:3,(anonymous_9)
FNDA:2,(anonymous_10)
FNDA:3,(anonymous_11)
FNDA:3,(anonymous_12)
FNDA:1,(anonymous_13)
FNDA:1,(anonymous_14)
DA:1,1
DA:2,1
DA:4,1
DA:9,1
DA:11,2
DA:13,2
DA:21,3
DA:24,2
DA:27,3
DA:38,3
DA:39,2
DA:41,1
DA:42,1
DA:54,3
DA:55,2
DA:61,1
DA:64,1
DA:66,1
DA:67,1
LF:19
LH:19
BRDA:38,0,0,2
BRDA:38,0,1,1
BRDA:38,1,0,3
BRDA:38,1,1,3
BRDA:54,2,0,2
BRDA:54,2,1,1
BRDA:56,3,0,2
BRDA:56,3,1,2
BRDA:62,4,0,1
BRDA:62,4,1,0
BRF:10
BRH:9
end_of_record
TN:
SF:/Users/dhardy/Projects/npm/nestjs-wpapi/lib/wpapi.module.ts
FN:8,(anonymous_1)
FN:15,(anonymous_2)
FNF:2
FNH:2
FNDA:2,(anonymous_1)
FNDA:3,(anonymous_2)
DA:1,1
DA:3,1
DA:7,1
DA:9,2
DA:16,3
LF:5
LH:5
BRF:0
BRH:0
end_of_record
TN:
SF:/Users/dhardy/Projects/npm/nestjs-wpapi/lib/common/index.ts
FNF:0
FNH:0
DA:1,1
DA:2,1
DA:3,1
LF:3
LH:3
BRF:0
BRH:0
end_of_record
TN:
SF:/Users/dhardy/Projects/npm/nestjs-wpapi/lib/common/wpapi.constants.ts
FNF:0
FNH:0
DA:1,1
DA:2,1
LF:2
LH:2
BRF:0
BRH:0
end_of_record
TN:
SF:/Users/dhardy/Projects/npm/nestjs-wpapi/lib/common/wpapi.decorator.ts
FN:4,InjectWpApi
FNF:1
FNH:0
FNDA:0,InjectWpApi
DA:1,1
DA:2,1
DA:4,1
DA:5,0
LF:4
LH:3
BRF:0
BRH:0
end_of_record
TN:
SF:/Users/dhardy/Projects/npm/nestjs-wpapi/lib/common/wpapi.util.ts
FN:4,createWpApiClient
FNF:1
FNH:1
FNDA:4,createWpApiClient
DA:2,1
DA:4,1
DA:5,4
DA:6,4
LF:4
LH:4
BRF:0
BRH:0
end_of_record
TN:
SF:/Users/dhardy/Projects/npm/nestjs-wpapi/lib/providers/index.ts
FNF:0
FNH:0
DA:1,1
LF:1
LH:1
BRF:0
BRH:0
end_of_record
TN:
SF:/Users/dhardy/Projects/npm/nestjs-wpapi/lib/providers/wpapi.providers.ts
FN:4,createWpApiProviders
FNF:1
FNH:1
FNDA:2,createWpApiProviders
DA:2,1
DA:4,1
DA:5,2
LF:3
LH:3
BRF:0
BRH:0
end_of_record
