TN:
SF:/Users/dhardy/Projects/npm/nestjs-wpapi/lib/wpapi-core.module.ts
FN:13,(anonymous_8)
FN:23,(anonymous_9)
FN:29,(anonymous_10)
FN:41,(anonymous_11)
FN:57,(anonymous_12)
FN:74,(anonymous_13)
FN:74,(anonymous_14)
FNF:7
FNH:7
FNDA:2,(anonymous_8)
FNDA:3,(anonymous_9)
FNDA:2,(anonymous_10)
FNDA:3,(anonymous_11)
FNDA:3,(anonymous_12)
FNDA:1,(anonymous_13)
FNDA:1,(anonymous_14)
DA:1,1
DA:2,1
DA:8,1
DA:12,1
DA:14,2
DA:16,2
DA:26,3
DA:30,2
DA:33,3
DA:44,3
DA:45,2
DA:47,1
DA:48,1
DA:60,3
DA:61,2
DA:67,1
DA:72,1
DA:74,1
DA:75,1
LF:19
LH:19
BRDA:44,0,0,2
BRDA:44,0,1,1
BRDA:44,1,0,3
BRDA:44,1,1,3
BRDA:60,2,0,2
BRDA:60,2,1,1
BRDA:62,3,0,2
BRDA:62,3,1,2
BRDA:68,4,0,1
BRDA:68,4,1,0
BRF:10
BRH:9
end_of_record
TN:
SF:/Users/dhardy/Projects/npm/nestjs-wpapi/lib/wpapi.module.ts
FN:11,(anonymous_1)
FN:18,(anonymous_2)
FNF:2
FNH:2
FNDA:2,(anonymous_1)
FNDA:3,(anonymous_2)
DA:1,1
DA:3,1
DA:10,1
DA:12,2
DA:21,3
LF:5
LH:5
BRF:0
BRH:0
end_of_record
TN:
SF:/Users/dhardy/Projects/npm/nestjs-wpapi/lib/common/index.ts
FNF:0
FNH:0
DA:1,1
DA:2,1
DA:3,1
LF:3
LH:3
BRF:0
BRH:0
end_of_record
TN:
SF:/Users/dhardy/Projects/npm/nestjs-wpapi/lib/common/wpapi.constants.ts
FNF:0
FNH:0
DA:1,1
DA:2,1
LF:2
LH:2
BRF:0
BRH:0
end_of_record
TN:
SF:/Users/dhardy/Projects/npm/nestjs-wpapi/lib/common/wpapi.decorator.ts
FN:4,InjectWpApi
FNF:1
FNH:0
FNDA:0,InjectWpApi
DA:1,1
DA:2,1
DA:4,1
DA:5,0
LF:4
LH:3
BRF:0
BRH:0
end_of_record
TN:
SF:/Users/dhardy/Projects/npm/nestjs-wpapi/lib/common/wpapi.util.ts
FN:4,createWpApiClient
FNF:1
FNH:1
FNDA:4,createWpApiClient
DA:2,1
DA:4,1
DA:5,4
DA:6,4
LF:4
LH:4
BRF:0
BRH:0
end_of_record
TN:
SF:/Users/dhardy/Projects/npm/nestjs-wpapi/lib/providers/index.ts
FNF:0
FNH:0
DA:1,1
LF:1
LH:1
BRF:0
BRH:0
end_of_record
TN:
SF:/Users/dhardy/Projects/npm/nestjs-wpapi/lib/providers/wpapi.providers.ts
FN:4,createWpApiProviders
FNF:1
FNH:1
FNDA:2,createWpApiProviders
DA:2,1
DA:4,1
DA:5,2
LF:3
LH:3
BRF:0
BRH:0
end_of_record
